2018-07-22 10:31:56 - PHP Warning:  unlink(C:/OSPanel/domains/photo-hunters.rus/storage/cache/cache.country.catalog.1532259116): Permission denied in C:\OSPanel\domains\photo-hunters.rus\system\library\cache\file.php on line 68
2018-07-24 15:07:20 - PHP Warning:  unlink(C:/OSPanel/domains/photo-hunters.rus/storage/cache/cache.catalog.language.1532448440): No such file or directory in C:\OSPanel\domains\photo-hunters.rus\system\library\cache\file.php on line 68
2018-08-14 13:38:54 - PHP Warning:  unlink(C:/OSPanel/domains/stellar.rus/storage/cache/cache.catalog.language.1534257534): Permission denied in C:\OSPanel\domains\stellar.rus\system\library\cache\file.php on line 68
2018-08-14 14:26:13 - PHP Warning:  unlink(C:/OSPanel/domains/stellar.rus/storage/cache/cache.catalog.language.1534260373): No such file or directory in C:\OSPanel\domains\stellar.rus\system\library\cache\file.php on line 68
2018-08-14 14:30:31 - PHP Warning:  unlink(C:/OSPanel/domains/stellar.rus/storage/cache/cache.catalog.language.1534260631): No such file or directory in C:\OSPanel\domains\stellar.rus\system\library\cache\file.php on line 68
2018-08-14 14:33:11 - PHP Notice:  Undefined index: code in C:\OSPanel\domains\stellar.rus\admin\model\design\layout.php on line 38
2018-08-14 14:33:11 - PHP Warning:  Cannot modify header information - headers already sent by (output started at C:\OSPanel\domains\stellar.rus\admin\controller\startup\error.php:34) in C:\OSPanel\domains\stellar.rus\system\library\response.php on line 36
2018-08-14 15:28:24 - PHP Warning:  unlink(C:/OSPanel/domains/stellar.rus/storage/cache/cache.catalog.language.1534264103): No such file or directory in C:\OSPanel\domains\stellar.rus\system\library\cache\file.php on line 68
2018-08-16 8:26:03 - PHP Warning:  fopen(C:/OSPanel/domains/stellar.rus/storage/cache/cache.catalog.language.1534411563): failed to open stream: No such file or directory in C:\OSPanel\domains\stellar.rus\system\library\cache\file.php on line 49
2018-08-16 8:26:03 - PHP Warning:  flock() expects parameter 1 to be resource, boolean given in C:\OSPanel\domains\stellar.rus\system\library\cache\file.php on line 51
2018-08-16 8:26:03 - PHP Warning:  fwrite() expects parameter 1 to be resource, boolean given in C:\OSPanel\domains\stellar.rus\system\library\cache\file.php on line 53
2018-08-16 8:26:03 - PHP Warning:  fflush() expects parameter 1 to be resource, boolean given in C:\OSPanel\domains\stellar.rus\system\library\cache\file.php on line 55
2018-08-16 8:26:03 - PHP Warning:  flock() expects parameter 1 to be resource, boolean given in C:\OSPanel\domains\stellar.rus\system\library\cache\file.php on line 57
2018-08-16 8:26:03 - PHP Warning:  fclose() expects parameter 1 to be resource, boolean given in C:\OSPanel\domains\stellar.rus\system\library\cache\file.php on line 59
2018-08-16 8:26:03 - PHP Warning:  fopen(C:/OSPanel/domains/stellar.rus/storage/cache/cache.currency.1534411563): failed to open stream: No such file or directory in C:\OSPanel\domains\stellar.rus\system\library\cache\file.php on line 49
2018-08-16 8:26:03 - PHP Warning:  flock() expects parameter 1 to be resource, boolean given in C:\OSPanel\domains\stellar.rus\system\library\cache\file.php on line 51
2018-08-16 8:26:03 - PHP Warning:  fwrite() expects parameter 1 to be resource, boolean given in C:\OSPanel\domains\stellar.rus\system\library\cache\file.php on line 53
2018-08-16 8:26:03 - PHP Warning:  fflush() expects parameter 1 to be resource, boolean given in C:\OSPanel\domains\stellar.rus\system\library\cache\file.php on line 55
2018-08-16 8:26:03 - PHP Warning:  flock() expects parameter 1 to be resource, boolean given in C:\OSPanel\domains\stellar.rus\system\library\cache\file.php on line 57
2018-08-16 8:26:03 - PHP Warning:  fclose() expects parameter 1 to be resource, boolean given in C:\OSPanel\domains\stellar.rus\system\library\cache\file.php on line 59
2018-09-17 15:36:34 - PHP Warning:  unlink(C:/OSPanel/domains/stellar.rus/storage/cache/cache.catalog.language.1537202194): No such file or directory in C:\OSPanel\domains\stellar.rus\system\library\cache\file.php on line 68
2018-09-26 8:45:28 - PHP Warning:  fopen(C:/OSPanel/domains/stellar.rus/storage/cache/cache.catalog.language.1537955128): failed to open stream: No such file or directory in C:\OSPanel\domains\stellar.rus\system\library\cache\file.php on line 49
2018-09-26 8:45:28 - PHP Warning:  flock() expects parameter 1 to be resource, boolean given in C:\OSPanel\domains\stellar.rus\system\library\cache\file.php on line 51
2018-09-26 8:45:28 - PHP Warning:  fwrite() expects parameter 1 to be resource, boolean given in C:\OSPanel\domains\stellar.rus\system\library\cache\file.php on line 53
2018-09-26 8:45:28 - PHP Warning:  fflush() expects parameter 1 to be resource, boolean given in C:\OSPanel\domains\stellar.rus\system\library\cache\file.php on line 55
2018-09-26 8:45:28 - PHP Warning:  flock() expects parameter 1 to be resource, boolean given in C:\OSPanel\domains\stellar.rus\system\library\cache\file.php on line 57
2018-09-26 8:45:28 - PHP Warning:  fclose() expects parameter 1 to be resource, boolean given in C:\OSPanel\domains\stellar.rus\system\library\cache\file.php on line 59
2018-09-26 8:45:28 - PHP Warning:  Cannot modify header information - headers already sent by (output started at C:\OSPanel\domains\stellar.rus\system\framework.php:42) in C:\OSPanel\domains\stellar.rus\catalog\controller\startup\startup.php on line 99
2018-09-26 8:45:28 - PHP Warning:  fopen(C:/OSPanel/domains/stellar.rus/storage/cache/cache.currency.1537955128): failed to open stream: No such file or directory in C:\OSPanel\domains\stellar.rus\system\library\cache\file.php on line 49
2018-09-26 8:45:28 - PHP Warning:  flock() expects parameter 1 to be resource, boolean given in C:\OSPanel\domains\stellar.rus\system\library\cache\file.php on line 51
2018-09-26 8:45:28 - PHP Warning:  fwrite() expects parameter 1 to be resource, boolean given in C:\OSPanel\domains\stellar.rus\system\library\cache\file.php on line 53
2018-09-26 8:45:28 - PHP Warning:  fflush() expects parameter 1 to be resource, boolean given in C:\OSPanel\domains\stellar.rus\system\library\cache\file.php on line 55
2018-09-26 8:45:28 - PHP Warning:  flock() expects parameter 1 to be resource, boolean given in C:\OSPanel\domains\stellar.rus\system\library\cache\file.php on line 57
2018-09-26 8:45:28 - PHP Warning:  fclose() expects parameter 1 to be resource, boolean given in C:\OSPanel\domains\stellar.rus\system\library\cache\file.php on line 59
2018-09-26 8:45:28 - PHP Warning:  Cannot modify header information - headers already sent by (output started at C:\OSPanel\domains\stellar.rus\system\framework.php:42) in C:\OSPanel\domains\stellar.rus\catalog\controller\startup\startup.php on line 157
